1556719956.164444 client started (27441): version 2.8, socket /tmp//tmux-1000/default, protocol 8
1556719956.164470 on Linux 5.0.7-200.fc29.x86_64 #1 SMP Mon Apr 8 15:40:59 UTC 2019; libevent 2.1.8-stable (poll)
1556719956.164491 socket is /tmp//tmux-1000/default
1556719956.164520 trying connect
1556719956.164583 add peer 0x557b2f7f3470: 6 ((nil))
1556719956.164648 sending message 100 to peer 0x557b2f7f3470 (4 bytes)
1556719956.164656 sending message 101 to peer 0x557b2f7f3470 (16 bytes)
1556719956.164661 sending message 102 to peer 0x557b2f7f3470 (11 bytes)
1556719956.164666 sending message 108 to peer 0x557b2f7f3470 (54 bytes)
1556719956.164671 sending message 104 to peer 0x557b2f7f3470 (0 bytes)
1556719956.164675 sending message 107 to peer 0x557b2f7f3470 (4 bytes)
1556719956.164680 sending message 105 to peer 0x557b2f7f3470 (1790 bytes)
1556719956.164694 sending message 105 to peer 0x557b2f7f3470 (54 bytes)
1556719956.164699 sending message 105 to peer 0x557b2f7f3470 (23 bytes)
1556719956.164704 sending message 105 to peer 0x557b2f7f3470 (39 bytes)
1556719956.164708 sending message 105 to peer 0x557b2f7f3470 (17 bytes)
1556719956.164713 sending message 105 to peer 0x557b2f7f3470 (21 bytes)
1556719956.164717 sending message 105 to peer 0x557b2f7f3470 (23 bytes)
1556719956.164721 sending message 105 to peer 0x557b2f7f3470 (16 bytes)
1556719956.164725 sending message 105 to peer 0x557b2f7f3470 (11 bytes)
1556719956.164729 sending message 105 to peer 0x557b2f7f3470 (11 bytes)
1556719956.164733 sending message 105 to peer 0x557b2f7f3470 (31 bytes)
1556719956.164738 sending message 105 to peer 0x557b2f7f3470 (25 bytes)
1556719956.164742 sending message 105 to peer 0x557b2f7f3470 (48 bytes)
1556719956.164746 sending message 105 to peer 0x557b2f7f3470 (47 bytes)
1556719956.164750 sending message 105 to peer 0x557b2f7f3470 (63 bytes)
1556719956.164755 sending message 105 to peer 0x557b2f7f3470 (26 bytes)
1556719956.164759 sending message 105 to peer 0x557b2f7f3470 (56 bytes)
1556719956.164764 sending message 105 to peer 0x557b2f7f3470 (21 bytes)
1556719956.164767 sending message 105 to peer 0x557b2f7f3470 (58 bytes)
1556719956.164771 sending message 105 to peer 0x557b2f7f3470 (52 bytes)
1556719956.164776 sending message 105 to peer 0x557b2f7f3470 (103 bytes)
1556719956.164780 sending message 105 to peer 0x557b2f7f3470 (20 bytes)
1556719956.164785 sending message 105 to peer 0x557b2f7f3470 (48 bytes)
1556719956.164789 sending message 105 to peer 0x557b2f7f3470 (16 bytes)
1556719956.164793 sending message 105 to peer 0x557b2f7f3470 (13 bytes)
1556719956.164798 sending message 105 to peer 0x557b2f7f3470 (56 bytes)
1556719956.164802 sending message 105 to peer 0x557b2f7f3470 (56 bytes)
1556719956.164806 sending message 105 to peer 0x557b2f7f3470 (349 bytes)
1556719956.164811 sending message 105 to peer 0x557b2f7f3470 (11 bytes)
1556719956.164815 sending message 105 to peer 0x557b2f7f3470 (35 bytes)
1556719956.164819 sending message 105 to peer 0x557b2f7f3470 (41 bytes)
1556719956.164824 sending message 105 to peer 0x557b2f7f3470 (56 bytes)
1556719956.164828 sending message 105 to peer 0x557b2f7f3470 (53 bytes)
1556719956.164832 sending message 105 to peer 0x557b2f7f3470 (17 bytes)
1556719956.164837 sending message 105 to peer 0x557b2f7f3470 (53 bytes)
1556719956.164841 sending message 105 to peer 0x557b2f7f3470 (12 bytes)
1556719956.164845 sending message 105 to peer 0x557b2f7f3470 (39 bytes)
1556719956.164849 sending message 105 to peer 0x557b2f7f3470 (22 bytes)
1556719956.164854 sending message 105 to peer 0x557b2f7f3470 (23 bytes)
1556719956.164858 sending message 105 to peer 0x557b2f7f3470 (56 bytes)
1556719956.164862 sending message 105 to peer 0x557b2f7f3470 (64 bytes)
1556719956.164867 sending message 105 to peer 0x557b2f7f3470 (91 bytes)
1556719956.164871 sending message 105 to peer 0x557b2f7f3470 (228 bytes)
1556719956.164876 sending message 105 to peer 0x557b2f7f3470 (58 bytes)
1556719956.164880 sending message 105 to peer 0x557b2f7f3470 (18 bytes)
1556719956.164884 sending message 105 to peer 0x557b2f7f3470 (24 bytes)
1556719956.164889 sending message 105 to peer 0x557b2f7f3470 (23 bytes)
1556719956.164899 sending message 105 to peer 0x557b2f7f3470 (19 bytes)
1556719956.164903 sending message 105 to peer 0x557b2f7f3470 (56 bytes)
1556719956.164908 sending message 105 to peer 0x557b2f7f3470 (36 bytes)
1556719956.164912 sending message 105 to peer 0x557b2f7f3470 (21 bytes)
1556719956.164916 sending message 105 to peer 0x557b2f7f3470 (38 bytes)
1556719956.164920 sending message 105 to peer 0x557b2f7f3470 (148 bytes)
1556719956.164925 sending message 105 to peer 0x557b2f7f3470 (54 bytes)
1556719956.164930 sending message 105 to peer 0x557b2f7f3470 (58 bytes)
1556719956.164934 sending message 105 to peer 0x557b2f7f3470 (26 bytes)
1556719956.164939 sending message 105 to peer 0x557b2f7f3470 (54 bytes)
1556719956.164943 sending message 105 to peer 0x557b2f7f3470 (44 bytes)
1556719956.164948 sending message 105 to peer 0x557b2f7f3470 (39 bytes)
1556719956.164952 sending message 105 to peer 0x557b2f7f3470 (46 bytes)
1556719956.164957 sending message 105 to peer 0x557b2f7f3470 (88 bytes)
1556719956.164961 sending message 105 to peer 0x557b2f7f3470 (56 bytes)
1556719956.164965 sending message 105 to peer 0x557b2f7f3470 (52 bytes)
1556719956.164969 sending message 105 to peer 0x557b2f7f3470 (58 bytes)
1556719956.164974 sending message 105 to peer 0x557b2f7f3470 (15 bytes)
1556719956.164978 sending message 105 to peer 0x557b2f7f3470 (77 bytes)
1556719956.164983 sending message 105 to peer 0x557b2f7f3470 (54 bytes)
1556719956.164987 sending message 105 to peer 0x557b2f7f3470 (45 bytes)
1556719956.164991 sending message 105 to peer 0x557b2f7f3470 (28 bytes)
1556719956.164996 sending message 105 to peer 0x557b2f7f3470 (13 bytes)
1556719956.165000 sending message 105 to peer 0x557b2f7f3470 (17 bytes)
1556719956.165004 sending message 105 to peer 0x557b2f7f3470 (21 bytes)
1556719956.165008 sending message 105 to peer 0x557b2f7f3470 (16 bytes)
1556719956.165013 sending message 105 to peer 0x557b2f7f3470 (18 bytes)
1556719956.165017 sending message 105 to peer 0x557b2f7f3470 (20 bytes)
1556719956.165022 sending message 105 to peer 0x557b2f7f3470 (30 bytes)
1556719956.165026 sending message 105 to peer 0x557b2f7f3470 (26 bytes)
1556719956.165031 sending message 105 to peer 0x557b2f7f3470 (96 bytes)
1556719956.165035 sending message 105 to peer 0x557b2f7f3470 (56 bytes)
1556719956.165040 sending message 105 to peer 0x557b2f7f3470 (14 bytes)
1556719956.165045 sending message 105 to peer 0x557b2f7f3470 (15 bytes)
1556719956.165049 sending message 105 to peer 0x557b2f7f3470 (8 bytes)
1556719956.165054 sending message 105 to peer 0x557b2f7f3470 (24 bytes)
1556719956.165059 sending message 105 to peer 0x557b2f7f3470 (10 bytes)
1556719956.165063 sending message 105 to peer 0x557b2f7f3470 (52 bytes)
1556719956.165067 sending message 105 to peer 0x557b2f7f3470 (145 bytes)
1556719956.165072 sending message 105 to peer 0x557b2f7f3470 (17 bytes)
1556719956.165077 sending message 105 to peer 0x557b2f7f3470 (15 bytes)
1556719956.165081 sending message 105 to peer 0x557b2f7f3470 (92 bytes)
1556719956.165086 sending message 105 to peer 0x557b2f7f3470 (31 bytes)
1556719956.165090 sending message 105 to peer 0x557b2f7f3470 (41 bytes)
1556719956.165095 sending message 105 to peer 0x557b2f7f3470 (97 bytes)
1556719956.165099 sending message 105 to peer 0x557b2f7f3470 (64 bytes)
1556719956.165104 sending message 105 to peer 0x557b2f7f3470 (481 bytes)
1556719956.165121 sending message 105 to peer 0x557b2f7f3470 (52 bytes)
1556719956.165126 sending message 105 to peer 0x557b2f7f3470 (52 bytes)
1556719956.165131 sending message 105 to peer 0x557b2f7f3470 (31 bytes)
1556719956.165135 sending message 105 to peer 0x557b2f7f3470 (54 bytes)
1556719956.165139 sending message 105 to peer 0x557b2f7f3470 (52 bytes)
1556719956.165144 sending message 105 to peer 0x557b2f7f3470 (14 bytes)
1556719956.165148 sending message 105 to peer 0x557b2f7f3470 (58 bytes)
1556719956.165152 sending message 105 to peer 0x557b2f7f3470 (52 bytes)
1556719956.165157 sending message 105 to peer 0x557b2f7f3470 (78 bytes)
1556719956.165165 sending message 105 to peer 0x557b2f7f3470 (52 bytes)
1556719956.165170 sending message 105 to peer 0x557b2f7f3470 (35 bytes)
1556719956.165174 sending message 105 to peer 0x557b2f7f3470 (49 bytes)
1556719956.165179 sending message 105 to peer 0x557b2f7f3470 (1092 bytes)
1556719956.165185 sending message 105 to peer 0x557b2f7f3470 (645 bytes)
1556719956.165189 sending message 105 to peer 0x557b2f7f3470 (119 bytes)
1556719956.165194 sending message 105 to peer 0x557b2f7f3470 (16 bytes)
1556719956.165198 sending message 106 to peer 0x557b2f7f3470 (0 bytes)
1556719956.165203 sending message 200 to peer 0x557b2f7f3470 (4 bytes)
1556719956.165207 client loop enter
1556719956.165836 peer 0x557b2f7f3470 message 211
1556719956.165850 client_write: sessions should be nested with care, unset $TMUX to force\n
1556719956.165865 peer 0x557b2f7f3470 message 203
1556719956.165871 client loop exit
